{"timestamp": "2026-09-28T08:00:00.000+0000", "agent": {"id": "010", "name": "WIN11-OPS01"}, "manager": {"name": "wazuh"}, "decoder": {"name": "windows_eventchannel"}, "location": "EventChannel", "data": {"win": {"system": {"providerName": "Microsoft-Windows-Sysmon", "eventID": "1", "eventRecordID": "1", "channel": "Microsoft-Windows-Sysmon/Operational", "computer": "WIN11-OPS01.soc.lab", "systemTime": "2026-09-28T08:00:00.1234567Z"}, "eventdata": {"utcTime": "2026-09-28 08:00:00.123", "processGuid": "{4b1d0c2e-1001-66f1-0a00-000000005e00}", "processId": "4000", "image": "C:\\\\Windows\\\\explorer.exe", "commandLine": "C:\\\\Windows\\\\Explorer.EXE", "user": "SOC\\\\ops_user", "integrityLevel": "Medium", "parentProcessGuid": "{4b1d0c2e-1000-66f1-0a00-000000005e00}", "parentImage": "C:\\\\Windows\\\\System32\\\\userinit.exe", "parentCommandLine": "userinit.exe"}}}}
{"timestamp": "2026-09-28T08:00:05.000+0000", "agent": {"id": "010", "name": "WIN11-OPS01"}, "manager": {"name": "wazuh"}, "decoder": {"name": "windows_eventchannel"}, "location": "EventChannel", "data": {"win": {"system": {"providerName": "Microsoft-Windows-Sysmon", "eventID": "1", "eventRecordID": "2", "channel": "Microsoft-Windows-Sysmon/Operational", "computer": "WIN11-OPS01.soc.lab", "systemTime": "2026-09-28T08:00:05.1234567Z"}, "eventdata": {"utcTime": "2026-09-28 08:00:05.123", "processGuid": "{4b1d0c2e-1002-66f1-0a00-000000005e00}", "processId": "4001", "image": "C:\\\\Users\\\\ops_user\\\\AppData\\\\Local\\\\Microsoft\\\\OneDrive\\\\OneDrive.exe", "commandLine": "\"OneDrive.exe\" /background", "user": "SOC\\\\ops_user", "integrityLevel": "Medium", "parentProcessGuid": "{4b1d0c2e-1001-66f1-0a00-000000005e00}", "parentImage": "C:\\\\Windows\\\\explorer.exe", "parentCommandLine": "C:\\\\Windows\\\\Explorer.EXE"}}}}
{"timestamp": "2026-09-28T08:00:06.000+0000", "agent": {"id": "010", "name": "WIN11-OPS01"}, "manager": {"name": "wazuh"}, "decoder": {"name": "windows_eventchannel"}, "location": "EventChannel", "data": {"win": {"system": {"providerName": "Microsoft-Windows-Sysmon", "eventID": "13", "eventRecordID": "3", "channel": "Microsoft-Windows-Sysmon/Operational", "computer": "WIN11-OPS01.soc.lab", "systemTime": "2026-09-28T08:00:06.1234567Z"}, "eventdata": {"eventType": "SetValue", "utcTime": "2026-09-28 08:00:06.456", "processGuid": "{4b1d0c2e-1002-66f1-0a00-000000005e00}", "image": "C:\\\\Users\\\\ops_user\\\\AppData\\\\Local\\\\Microsoft\\\\OneDrive\\\\OneDrive.exe", "targetObject": "HKU\\\\S-1-5-21-1111111111-2222222222-3333333333-1105\\\\Software\\\\Microsoft\\\\Windows\\\\CurrentVersion\\\\Run\\\\OneDrive", "details": "\"C:\\\\Users\\\\ops_user\\\\AppData\\\\Local\\\\Microsoft\\\\OneDrive\\\\OneDrive.exe\" /background"}}}}
{"timestamp": "2026-09-28T08:05:00.000+0000", "agent": {"id": "010", "name": "WIN11-OPS01"}, "manager": {"name": "wazuh"}, "decoder": {"name": "windows_eventchannel"}, "location": "EventChannel", "data": {"win": {"system": {"providerName": "Microsoft-Windows-Sysmon", "eventID": "1", "eventRecordID": "4", "channel": "Microsoft-Windows-Sysmon/Operational", "computer": "WIN11-OPS01.soc.lab", "systemTime": "2026-09-28T08:05:00.1234567Z"}, "eventdata": {"utcTime": "2026-09-28 08:05:00.123", "processGuid": "{4b1d0c2e-1004-66f1-0a00-000000005e00}", "processId": "4003", "image": "C:\\\\Windows\\\\System32\\\\net.exe", "commandLine": "net user", "user": "NT AUTHORITY\\\\SYSTEM", "integrityLevel": "Medium", "parentProcessGuid": "{4b1d0c2e-1003-66f1-0a00-000000005e00}", "parentImage": "C:\\\\Program Files (x86)\\\\ossec-agent\\\\wazuh-agent.exe", "parentCommandLine": "wazuh-agent.exe"}}}}
{"timestamp": "2026-09-28T08:10:00.000+0000", "agent": {"id": "010", "name": "WIN11-OPS01"}, "manager": {"name": "wazuh"}, "decoder": {"name": "windows_eventchannel"}, "location": "EventChannel", "data": {"win": {"system": {"providerName": "Microsoft-Windows-Sysmon", "eventID": "1", "eventRecordID": "5", "channel": "Microsoft-Windows-Sysmon/Operational", "computer": "WIN11-OPS01.soc.lab", "systemTime": "2026-09-28T08:10:00.1234567Z"}, "eventdata": {"utcTime": "2026-09-28 08:10:00.123", "processGuid": "{4b1d0c2e-1005-66f1-0a00-000000005e00}", "processId": "4004", "image": "C:\\\\Windows\\\\System32\\\\net.exe", "commandLine": "net user", "user": "NT AUTHORITY\\\\SYSTEM", "integrityLevel": "Medium", "parentProcessGuid": "{4b1d0c2e-1003-66f1-0a00-000000005e00}", "parentImage": "C:\\\\Program Files (x86)\\\\ossec-agent\\\\wazuh-agent.exe", "parentCommandLine": "wazuh-agent.exe"}}}}
{"timestamp": "2026-09-28T08:15:00.000+0000", "agent": {"id": "010", "name": "WIN11-OPS01"}, "manager": {"name": "wazuh"}, "decoder": {"name": "windows_eventchannel"}, "location": "EventChannel", "data": {"win": {"system": {"providerName": "Microsoft-Windows-Sysmon", "eventID": "1", "eventRecordID": "6", "channel": "Microsoft-Windows-Sysmon/Operational", "computer": "WIN11-OPS01.soc.lab", "systemTime": "2026-09-28T08:15:00.1234567Z"}, "eventdata": {"utcTime": "2026-09-28 08:15:00.123", "processGuid": "{4b1d0c2e-1006-66f1-0a00-000000005e00}", "processId": "4005", "image": "C:\\\\Windows\\\\System32\\\\net.exe", "commandLine": "net user", "user": "NT AUTHORITY\\\\SYSTEM", "integrityLevel": "Medium", "parentProcessGuid": "{4b1d0c2e-1003-66f1-0a00-000000005e00}", "parentImage": "C:\\\\Program Files (x86)\\\\ossec-agent\\\\wazuh-agent.exe", "parentCommandLine": "wazuh-agent.exe"}}}}
{"timestamp": "2026-09-28T08:20:00.000+0000", "agent": {"id": "010", "name": "WIN11-OPS01"}, "manager": {"name": "wazuh"}, "decoder": {"name": "windows_eventchannel"}, "location": "EventChannel", "data": {"win": {"system": {"providerName": "Microsoft-Windows-Sysmon", "eventID": "1", "eventRecordID": "7", "channel": "Microsoft-Windows-Sysmon/Operational", "computer": "WIN11-OPS01.soc.lab", "systemTime": "2026-09-28T08:20:00.1234567Z"}, "eventdata": {"utcTime": "2026-09-28 08:20:00.123", "processGuid": "{4b1d0c2e-1007-66f1-0a00-000000005e00}", "processId": "4006", "image": "C:\\\\Windows\\\\System32\\\\ipconfig.exe", "commandLine": "ipconfig /renew", "user": "SOC\\\\ops_user", "integrityLevel": "Medium", "parentProcessGuid": "{4b1d0c2e-1001-66f1-0a00-000000005e00}", "parentImage": "C:\\\\Windows\\\\explorer.exe", "parentCommandLine": "C:\\\\Windows\\\\Explorer.EXE"}}}}
{"timestamp": "2026-09-28T09:10:00.000+0000", "agent": {"id": "010", "name": "WIN11-OPS01"}, "manager": {"name": "wazuh"}, "decoder": {"name": "windows_eventchannel"}, "location": "EventChannel", "data": {"win": {"system": {"providerName": "Microsoft-Windows-Sysmon", "eventID": "1", "eventRecordID": "8", "channel": "Microsoft-Windows-Sysmon/Operational", "computer": "WIN11-OPS01.soc.lab", "systemTime": "2026-09-28T09:10:00.1234567Z"}, "eventdata": {"utcTime": "2026-09-28 09:10:00.123", "processGuid": "{4b1d0c2e-1008-66f1-0a00-000000005e00}", "processId": "4007", "image": "C:\\\\Windows\\\\System32\\\\cmd.exe", "commandLine": "\"C:\\\\Windows\\\\system32\\\\cmd.exe\"", "user": "SOC\\\\ops_user", "integrityLevel": "Medium", "parentProcessGuid": "{4b1d0c2e-1001-66f1-0a00-000000005e00}", "parentImage": "C:\\\\Windows\\\\explorer.exe", "parentCommandLine": "C:\\\\Windows\\\\Explorer.EXE"}}}}
{"timestamp": "2026-09-28T09:10:05.000+0000", "agent": {"id": "010", "name": "WIN11-OPS01"}, "manager": {"name": "wazuh"}, "decoder": {"name": "windows_eventchannel"}, "location": "EventChannel", "data": {"win": {"system": {"providerName": "Microsoft-Windows-Sysmon", "eventID": "1", "eventRecordID": "9", "channel": "Microsoft-Windows-Sysmon/Operational", "computer": "WIN11-OPS01.soc.lab", "systemTime": "2026-09-28T09:10:05.1234567Z"}, "eventdata": {"utcTime": "2026-09-28 09:10:05.123", "processGuid": "{4b1d0c2e-1009-66f1-0a00-000000005e00}", "processId": "4008", "image": "C:\\\\Windows\\\\System32\\\\whoami.exe", "commandLine": "whoami /all", "user": "SOC\\\\ops_user", "integrityLevel": "Medium", "parentProcessGuid": "{4b1d0c2e-1008-66f1-0a00-000000005e00}", "parentImage": "C:\\\\Windows\\\\System32\\\\cmd.exe", "parentCommandLine": "\"C:\\\\Windows\\\\system32\\\\cmd.exe\""}}}}
{"timestamp": "2026-09-28T09:10:09.000+0000", "agent": {"id": "010", "name": "WIN11-OPS01"}, "manager": {"name": "wazuh"}, "decoder": {"name": "windows_eventchannel"}, "location": "EventChannel", "data": {"win": {"system": {"providerName": "Microsoft-Windows-Sysmon", "eventID": "1", "eventRecordID": "10", "channel": "Microsoft-Windows-Sysmon/Operational", "computer": "WIN11-OPS01.soc.lab", "systemTime": "2026-09-28T09:10:09.1234567Z"}, "eventdata": {"utcTime": "2026-09-28 09:10:09.123", "processGuid": "{4b1d0c2e-100a-66f1-0a00-000000005e00}", "processId": "4009", "image": "C:\\\\Windows\\\\System32\\\\systeminfo.exe", "commandLine": "systeminfo", "user": "SOC\\\\ops_user", "integrityLevel": "Medium", "parentProcessGuid": "{4b1d0c2e-1008-66f1-0a00-000000005e00}", "parentImage": "C:\\\\Windows\\\\System32\\\\cmd.exe", "parentCommandLine": "\"C:\\\\Windows\\\\system32\\\\cmd.exe\""}}}}
{"timestamp": "2026-09-28T09:10:14.000+0000", "agent": {"id": "010", "name": "WIN11-OPS01"}, "manager": {"name": "wazuh"}, "decoder": {"name": "windows_eventchannel"}, "location": "EventChannel", "data": {"win": {"system": {"providerName": "Microsoft-Windows-Sysmon", "eventID": "1", "eventRecordID": "11", "channel": "Microsoft-Windows-Sysmon/Operational", "computer": "WIN11-OPS01.soc.lab", "systemTime": "2026-09-28T09:10:14.1234567Z"}, "eventdata": {"utcTime": "2026-09-28 09:10:14.123", "processGuid": "{4b1d0c2e-100b-66f1-0a00-000000005e00}", "processId": "4010", "image": "C:\\\\Windows\\\\System32\\\\ipconfig.exe", "commandLine": "ipconfig /all", "user": "SOC\\\\ops_user", "integrityLevel": "Medium", "parentProcessGuid": "{4b1d0c2e-1008-66f1-0a00-000000005e00}", "parentImage": "C:\\\\Windows\\\\System32\\\\cmd.exe", "parentCommandLine": "\"C:\\\\Windows\\\\system32\\\\cmd.exe\""}}}}
{"timestamp": "2026-09-28T09:10:18.000+0000", "agent": {"id": "010", "name": "WIN11-OPS01"}, "manager": {"name": "wazuh"}, "decoder": {"name": "windows_eventchannel"}, "location": "EventChannel", "data": {"win": {"system": {"providerName": "Microsoft-Windows-Sysmon", "eventID": "1", "eventRecordID": "12", "channel": "Microsoft-Windows-Sysmon/Operational", "computer": "WIN11-OPS01.soc.lab", "systemTime": "2026-09-28T09:10:18.1234567Z"}, "eventdata": {"utcTime": "2026-09-28 09:10:18.123", "processGuid": "{4b1d0c2e-100c-66f1-0a00-000000005e00}", "processId": "4011", "image": "C:\\\\Windows\\\\System32\\\\net.exe", "commandLine": "net user", "user": "SOC\\\\ops_user", "integrityLevel": "Medium", "parentProcessGuid": "{4b1d0c2e-1008-66f1-0a00-000000005e00}", "parentImage": "C:\\\\Windows\\\\System32\\\\cmd.exe", "parentCommandLine": "\"C:\\\\Windows\\\\system32\\\\cmd.exe\""}}}}
{"timestamp": "2026-09-28T09:10:22.000+0000", "agent": {"id": "010", "name": "WIN11-OPS01"}, "manager": {"name": "wazuh"}, "decoder": {"name": "windows_eventchannel"}, "location": "EventChannel", "data": {"win": {"system": {"providerName": "Microsoft-Windows-Sysmon", "eventID": "1", "eventRecordID": "13", "channel": "Microsoft-Windows-Sysmon/Operational", "computer": "WIN11-OPS01.soc.lab", "systemTime": "2026-09-28T09:10:22.1234567Z"}, "eventdata": {"utcTime": "2026-09-28 09:10:22.123", "processGuid": "{4b1d0c2e-100d-66f1-0a00-000000005e00}", "processId": "4012", "image": "C:\\\\Windows\\\\System32\\\\net.exe", "commandLine": "net localgroup administrators", "user": "SOC\\\\ops_user", "integrityLevel": "Medium", "parentProcessGuid": "{4b1d0c2e-1008-66f1-0a00-000000005e00}", "parentImage": "C:\\\\Windows\\\\System32\\\\cmd.exe", "parentCommandLine": "\"C:\\\\Windows\\\\system32\\\\cmd.exe\""}}}}
{"timestamp": "2026-09-28T09:10:27.000+0000", "agent": {"id": "010", "name": "WIN11-OPS01"}, "manager": {"name": "wazuh"}, "decoder": {"name": "windows_eventchannel"}, "location": "EventChannel", "data": {"win": {"system": {"providerName": "Microsoft-Windows-Sysmon", "eventID": "1", "eventRecordID": "14", "channel": "Microsoft-Windows-Sysmon/Operational", "computer": "WIN11-OPS01.soc.lab", "systemTime": "2026-09-28T09:10:27.1234567Z"}, "eventdata": {"utcTime": "2026-09-28 09:10:27.123", "processGuid": "{4b1d0c2e-100e-66f1-0a00-000000005e00}", "processId": "4013", "image": "C:\\\\Windows\\\\System32\\\\tasklist.exe", "commandLine": "tasklist /v", "user": "SOC\\\\ops_user", "integrityLevel": "Medium", "parentProcessGuid": "{4b1d0c2e-1008-66f1-0a00-000000005e00}", "parentImage": "C:\\\\Windows\\\\System32\\\\cmd.exe", "parentCommandLine": "\"C:\\\\Windows\\\\system32\\\\cmd.exe\""}}}}
{"timestamp": "2026-09-28T09:10:31.000+0000", "agent": {"id": "010", "name": "WIN11-OPS01"}, "manager": {"name": "wazuh"}, "decoder": {"name": "windows_eventchannel"}, "location": "EventChannel", "data": {"win": {"system": {"providerName": "Microsoft-Windows-Sysmon", "eventID": "1", "eventRecordID": "15", "channel": "Microsoft-Windows-Sysmon/Operational", "computer": "WIN11-OPS01.soc.lab", "systemTime": "2026-09-28T09:10:31.1234567Z"}, "eventdata": {"utcTime": "2026-09-28 09:10:31.123", "processGuid": "{4b1d0c2e-100f-66f1-0a00-000000005e00}", "processId": "4014", "image": "C:\\\\Windows\\\\System32\\\\quser.exe", "commandLine": "quser", "user": "SOC\\\\ops_user", "integrityLevel": "Medium", "parentProcessGuid": "{4b1d0c2e-1008-66f1-0a00-000000005e00}", "parentImage": "C:\\\\Windows\\\\System32\\\\cmd.exe", "parentCommandLine": "\"C:\\\\Windows\\\\system32\\\\cmd.exe\""}}}}
{"timestamp": "2026-09-28T09:10:35.000+0000", "agent": {"id": "010", "name": "WIN11-OPS01"}, "manager": {"name": "wazuh"}, "decoder": {"name": "windows_eventchannel"}, "location": "EventChannel", "data": {"win": {"system": {"providerName": "Microsoft-Windows-Sysmon", "eventID": "1", "eventRecordID": "16", "channel": "Microsoft-Windows-Sysmon/Operational", "computer": "WIN11-OPS01.soc.lab", "systemTime": "2026-09-28T09:10:35.1234567Z"}, "eventdata": {"utcTime": "2026-09-28 09:10:35.123", "processGuid": "{4b1d0c2e-1010-66f1-0a00-000000005e00}", "processId": "4015", "image": "C:\\\\Windows\\\\System32\\\\ROUTE.EXE", "commandLine": "route print", "user": "SOC\\\\ops_user", "integrityLevel": "Medium", "parentProcessGuid": "{4b1d0c2e-1008-66f1-0a00-000000005e00}", "parentImage": "C:\\\\Windows\\\\System32\\\\cmd.exe", "parentCommandLine": "\"C:\\\\Windows\\\\system32\\\\cmd.exe\""}}}}
{"timestamp": "2026-09-28T09:10:40.000+0000", "agent": {"id": "010", "name": "WIN11-OPS01"}, "manager": {"name": "wazuh"}, "decoder": {"name": "windows_eventchannel"}, "location": "EventChannel", "data": {"win": {"system": {"providerName": "Microsoft-Windows-Sysmon", "eventID": "1", "eventRecordID": "17", "channel": "Microsoft-Windows-Sysmon/Operational", "computer": "WIN11-OPS01.soc.lab", "systemTime": "2026-09-28T09:10:40.1234567Z"}, "eventdata": {"utcTime": "2026-09-28 09:10:40.123", "processGuid": "{4b1d0c2e-1011-66f1-0a00-000000005e00}", "processId": "4016", "image": "C:\\\\Windows\\\\System32\\\\NETSTAT.EXE", "commandLine": "netstat -ano", "user": "SOC\\\\ops_user", "integrityLevel": "Medium", "parentProcessGuid": "{4b1d0c2e-1008-66f1-0a00-000000005e00}", "parentImage": "C:\\\\Windows\\\\System32\\\\cmd.exe", "parentCommandLine": "\"C:\\\\Windows\\\\system32\\\\cmd.exe\""}}}}
{"timestamp": "2026-09-28T09:12:00.000+0000", "agent": {"id": "010", "name": "WIN11-OPS01"}, "manager": {"name": "wazuh"}, "decoder": {"name": "windows_eventchannel"}, "location": "EventChannel", "data": {"win": {"system": {"providerName": "Microsoft-Windows-Sysmon", "eventID": "1", "eventRecordID": "18", "channel": "Microsoft-Windows-Sysmon/Operational", "computer": "WIN11-OPS01.soc.lab", "systemTime": "2026-09-28T09:12:00.1234567Z"}, "eventdata": {"utcTime": "2026-09-28 09:12:00.123", "processGuid": "{4b1d0c2e-1012-66f1-0a00-000000005e00}", "processId": "4017", "image": "C:\\\\Windows\\\\System32\\\\reg.exe", "commandLine": "reg add HKCU\\\\Software\\\\Microsoft\\\\Windows\\\\CurrentVersion\\\\Run /v OP002Persist /t REG_SZ /d C:\\\\Users\\\\Public\\\\sync.exe /f", "user": "SOC\\\\ops_user", "integrityLevel": "Medium", "parentProcessGuid": "{4b1d0c2e-1008-66f1-0a00-000000005e00}", "parentImage": "C:\\\\Windows\\\\System32\\\\cmd.exe", "parentCommandLine": "\"C:\\\\Windows\\\\system32\\\\cmd.exe\""}}}}
{"timestamp": "2026-09-28T09:12:00.000+0000", "agent": {"id": "010", "name": "WIN11-OPS01"}, "manager": {"name": "wazuh"}, "decoder": {"name": "windows_eventchannel"}, "location": "EventChannel", "data": {"win": {"system": {"providerName": "Microsoft-Windows-Sysmon", "eventID": "13", "eventRecordID": "19", "channel": "Microsoft-Windows-Sysmon/Operational", "computer": "WIN11-OPS01.soc.lab", "systemTime": "2026-09-28T09:12:00.1234567Z"}, "eventdata": {"eventType": "SetValue", "utcTime": "2026-09-28 09:12:00.456", "processGuid": "{4b1d0c2e-1012-66f1-0a00-000000005e00}", "image": "C:\\\\Windows\\\\System32\\\\reg.exe", "targetObject": "HKU\\\\S-1-5-21-1111111111-2222222222-3333333333-1105\\\\Software\\\\Microsoft\\\\Windows\\\\CurrentVersion\\\\Run\\\\OP002Persist", "details": "C:\\\\Users\\\\Public\\\\sync.exe"}}}}
{"timestamp": "2026-09-28T09:15:00.000+0000", "agent": {"id": "010", "name": "WIN11-OPS01"}, "manager": {"name": "wazuh"}, "decoder": {"name": "windows_eventchannel"}, "location": "EventChannel", "data": {"win": {"system": {"providerName": "Microsoft-Windows-Sysmon", "eventID": "1", "eventRecordID": "20", "channel": "Microsoft-Windows-Sysmon/Operational", "computer": "WIN11-OPS01.soc.lab", "systemTime": "2026-09-28T09:15:00.1234567Z"}, "eventdata": {"utcTime": "2026-09-28 09:15:00.123", "processGuid": "{4b1d0c2e-1013-66f1-0a00-000000005e00}", "processId": "4019", "image": "C:\\\\Windows\\\\System32\\\\WindowsPowerShell\\\\v1.0\\\\powershell.exe", "commandLine": "powershell.exe -ep bypass -nop -c \"iex (gc C:\\\\Users\\\\Public\\\\s.ps1 -raw)\"", "user": "SOC\\\\ops_user", "integrityLevel": "Medium", "parentProcessGuid": "{4b1d0c2e-1008-66f1-0a00-000000005e00}", "parentImage": "C:\\\\Windows\\\\System32\\\\cmd.exe", "parentCommandLine": "\"C:\\\\Windows\\\\system32\\\\cmd.exe\""}}}}
{"timestamp": "2026-09-28T09:15:10.000+0000", "agent": {"id": "010", "name": "WIN11-OPS01"}, "manager": {"name": "wazuh"}, "decoder": {"name": "windows_eventchannel"}, "location": "EventChannel", "data": {"win": {"system": {"providerName": "Microsoft-Windows-Sysmon", "eventID": "1", "eventRecordID": "21", "channel": "Microsoft-Windows-Sysmon/Operational", "computer": "WIN11-OPS01.soc.lab", "systemTime": "2026-09-28T09:15:10.1234567Z"}, "eventdata": {"utcTime": "2026-09-28 09:15:10.123", "processGuid": "{4b1d0c2e-1014-66f1-0a00-000000005e00}", "processId": "4020", "image": "C:\\\\Windows\\\\System32\\\\rundll32.exe", "commandLine": "rundll32.exe C:\\\\Users\\\\Public\\\\helper.dll,Start", "user": "SOC\\\\ops_user", "integrityLevel": "Medium", "parentProcessGuid": "{4b1d0c2e-1013-66f1-0a00-000000005e00}", "parentImage": "C:\\\\Windows\\\\System32\\\\WindowsPowerShell\\\\v1.0\\\\powershell.exe", "parentCommandLine": "powershell.exe -ep bypass -nop -c \"iex (gc C:\\\\Users\\\\Public\\\\s.ps1 -raw)\""}}}}
{"timestamp": "2026-09-28T09:16:00.000+0000", "agent": {"id": "010", "name": "WIN11-OPS01"}, "manager": {"name": "wazuh"}, "decoder": {"name": "windows_eventchannel"}, "location": "EventChannel", "data": {"win": {"system": {"providerName": "Microsoft-Windows-Sysmon", "eventID": "3", "eventRecordID": "22", "channel": "Microsoft-Windows-Sysmon/Operational", "computer": "WIN11-OPS01.soc.lab", "systemTime": "2026-09-28T09:16:00.1234567Z"}, "eventdata": {"utcTime": "2026-09-28 09:16:00.010", "processGuid": "{4b1d0c2e-1013-66f1-0a00-000000005e00}", "image": "C:\\\\Windows\\\\System32\\\\WindowsPowerShell\\\\v1.0\\\\powershell.exe", "protocol": "tcp", "sourceIp": "10.10.2.9", "destinationIp": "10.10.3.5", "destinationPort": "8083"}}}}
{"timestamp": "2026-09-28T09:16:30.000+0000", "agent": {"id": "010", "name": "WIN11-OPS01"}, "manager": {"name": "wazuh"}, "decoder": {"name": "windows_eventchannel"}, "location": "EventChannel", "data": {"win": {"system": {"providerName": "Microsoft-Windows-Windows Defender", "eventID": "5013", "eventRecordID": "23", "channel": "Microsoft-Windows-Windows Defender/Operational", "computer": "WIN11-OPS01.soc.lab", "systemTime": "2026-09-28T09:16:30.1234567Z"}, "eventdata": {"value": "HKLM\\\\SOFTWARE\\\\Microsoft\\\\Windows Defender\\\\Real-Time Protection\\\\DisableRealtimeMonitoring = 0x1"}}}}
{"timestamp": "2026-09-28T08:30:00.000+0000", "agent": {"id": "006", "name": "Windows10"}, "manager": {"name": "wazuh"}, "decoder": {"name": "windows_eventchannel"}, "location": "EventChannel", "data": {"win": {"system": {"providerName": "Microsoft-Windows-Security-Auditing", "eventID": "4624", "eventRecordID": "24", "channel": "Security", "computer": "Win10.soc.lab", "systemTime": "2026-09-28T08:30:00.1234567Z"}, "eventdata": {"targetUserName": "labuser", "targetDomainName": "SOC", "logonType": "2", "ipAddress": "127.0.0.1", "ipPort": "0", "authenticationPackageName": "NTLM", "workstationName": "WIN11-OPS01"}}}}
{"timestamp": "2026-09-28T08:31:00.000+0000", "agent": {"id": "006", "name": "Windows10"}, "manager": {"name": "wazuh"}, "decoder": {"name": "windows_eventchannel"}, "location": "EventChannel", "data": {"win": {"system": {"providerName": "Microsoft-Windows-Security-Auditing", "eventID": "4624", "eventRecordID": "25", "channel": "Security", "computer": "Win10.soc.lab", "systemTime": "2026-09-28T08:31:00.1234567Z"}, "eventdata": {"targetUserName": "labuser", "targetDomainName": "SOC", "logonType": "3", "ipAddress": "::1", "ipPort": "0", "authenticationPackageName": "NTLM", "workstationName": "WIN11-OPS01"}}}}
{"timestamp": "2026-09-28T09:20:00.000+0000", "agent": {"id": "006", "name": "Windows10"}, "manager": {"name": "wazuh"}, "decoder": {"name": "windows_eventchannel"}, "location": "EventChannel", "data": {"win": {"system": {"providerName": "Microsoft-Windows-Security-Auditing", "eventID": "4624", "eventRecordID": "26", "channel": "Security", "computer": "Win10.soc.lab", "systemTime": "2026-09-28T09:20:00.1234567Z"}, "eventdata": {"targetUserName": "labuser", "targetDomainName": "SOC", "logonType": "3", "ipAddress": "10.10.2.9", "ipPort": "64866", "authenticationPackageName": "NTLM", "workstationName": "WIN11-OPS01"}}}}
